2026-04-30T13:24:12.156+05:30  INFO 18456 --- [transaction-service] [main] c.s.t.TransactionServiceApplication      : Starting TransactionServiceApplication using Java 21.0.1 with PID 18456 (C:\Users\soham.patil\IdeaProjects\sterling-ewallet\transaction-service\target\classes started by soham.patil in C:\Users\soham.patil\IdeaProjects\sterling-ewallet\transaction-service)
2026-04-30T13:24:12.170+05:30  INFO 18456 --- [transaction-service] [main] c.s.t.TransactionServiceApplication      : No active profile set, falling back to 1 default profile: "default"
2026-04-30T13:24:13.042+05:30  INFO 18456 --- [transaction-service] [main] .s.d.r.c.RepositoryConfigurationDelegate : Bootstrapping Spring Data JPA repositories in DEFAULT mode.
2026-04-30T13:24:13.170+05:30  INFO 18456 --- [transaction-service] [main] .s.d.r.c.RepositoryConfigurationDelegate : Finished Spring Data repository scanning in 117 ms. Found 2 JPA repository interfaces.
2026-04-30T13:24:13.381+05:30  INFO 18456 --- [transaction-service] [main] o.s.cloud.context.scope.GenericScope     : BeanFactory id=1e69afe5-653f-340b-aae4-1a035faa2de4
2026-04-30T13:24:13.663+05:30  WARN 18456 --- [transaction-service] [main] trationDelegate$BeanPostProcessorChecker : Bean 'org.springframework.cloud.client.loadbalancer.LoadBalancerAutoConfiguration$DeferringLoadBalancerInterceptorConfig' of type [org.springframework.cloud.client.loadbalancer.LoadBalancerAutoConfiguration$DeferringLoadBalancerInterceptorConfig] is not eligible for getting processed by all BeanPostProcessors (for example: not eligible for auto-proxying). The currently created BeanPostProcessor [lbRestClientPostProcessor] is declared through a non-static factory method on that class; consider declaring it as static instead.
2026-04-30T13:24:13.666+05:30  WARN 18456 --- [transaction-service] [main] trationDelegate$BeanPostProcessorChecker : Bean 'deferringLoadBalancerInterceptor' of type [org.springframework.cloud.client.loadbalancer.DeferringLoadBalancerInterceptor] is not eligible for getting processed by all BeanPostProcessors (for example: not eligible for auto-proxying). Is this bean getting eagerly injected into a currently created BeanPostProcessor [lbRestClientPostProcessor]? Check the corresponding BeanPostProcessor declaration and its dependencies.
2026-04-30T13:24:13.917+05:30  INFO 18456 --- [transaction-service] [main] o.s.b.w.embedded.tomcat.TomcatWebServer  : Tomcat initialized with port 8084 (http)
2026-04-30T13:24:13.929+05:30  INFO 18456 --- [transaction-service] [main] o.apache.catalina.core.StandardService   : Starting service [Tomcat]
2026-04-30T13:24:13.929+05:30  INFO 18456 --- [transaction-service] [main] o.apache.catalina.core.StandardEngine    : Starting Servlet engine: [Apache Tomcat/10.1.20]
2026-04-30T13:24:13.999+05:30  INFO 18456 --- [transaction-service] [main] o.a.c.c.C.[Tomcat].[localhost].[/]       : Initializing Spring embedded WebApplicationContext
2026-04-30T13:24:13.999+05:30  INFO 18456 --- [transaction-service] [main] w.s.c.ServletWebServerApplicationContext : Root WebApplicationContext: initialization completed in 1779 ms
2026-04-30T13:24:14.085+05:30  INFO 18456 --- [transaction-service] [main] com.zaxxer.hikari.HikariDataSource       : HikariPool-1 - Starting...
2026-04-30T13:24:14.213+05:30  INFO 18456 --- [transaction-service] [main] com.zaxxer.hikari.pool.HikariPool        : HikariPool-1 - Added connection conn0: url=jdbc:h2:mem:transactiondb user=SA
2026-04-30T13:24:14.215+05:30  INFO 18456 --- [transaction-service] [main] com.zaxxer.hikari.HikariDataSource       : HikariPool-1 - Start completed.
2026-04-30T13:24:14.222+05:30  INFO 18456 --- [transaction-service] [main] o.s.b.a.h2.H2ConsoleAutoConfiguration    : H2 console available at '/h2-console'. Database available at 'jdbc:h2:mem:transactiondb'
2026-04-30T13:24:14.381+05:30  INFO 18456 --- [transaction-service] [main] o.hibernate.jpa.internal.util.LogHelper  : HHH000204: Processing PersistenceUnitInfo [name: default]
2026-04-30T13:24:14.416+05:30  INFO 18456 --- [transaction-service] [main] org.hibernate.Version                    : HHH000412: Hibernate ORM core version 6.4.4.Final
2026-04-30T13:24:14.446+05:30  INFO 18456 --- [transaction-service] [main] o.h.c.internal.RegionFactoryInitiator    : HHH000026: Second-level cache disabled
2026-04-30T13:24:14.601+05:30  INFO 18456 --- [transaction-service] [main] o.s.o.j.p.SpringPersistenceUnitInfo      : No LoadTimeWeaver setup: ignoring JPA class transformer
2026-04-30T13:24:14.633+05:30  WARN 18456 --- [transaction-service] [main] org.hibernate.orm.deprecation            : HHH90000025: H2Dialect does not need to be specified explicitly using 'hibernate.dialect' (remove the property setting and it will be selected by default)
2026-04-30T13:24:15.225+05:30  INFO 18456 --- [transaction-service] [main] o.h.e.t.j.p.i.JtaPlatformInitiator       : HHH000489: No JTA platform available (set 'hibernate.transaction.jta.platform' to enable JTA platform integration)
2026-04-30T13:24:15.253+05:30  INFO 18456 --- [transaction-service] [main] j.LocalContainerEntityManagerFactoryBean : Initialized JPA EntityManagerFactory for persistence unit 'default'
2026-04-30T13:24:15.580+05:30  WARN 18456 --- [transaction-service] [main] JpaBaseConfiguration$JpaWebConfiguration : spring.jpa.open-in-view is enabled by default. Therefore, database queries may be performed during view rendering. Explicitly configure spring.jpa.open-in-view to disable this warning
2026-04-30T13:24:15.649+05:30  INFO 18456 --- [transaction-service] [main] o.s.c.openfeign.FeignClientFactoryBean   : For 'wallet-service' URL not provided. Will try picking an instance via load-balancing.
2026-04-30T13:24:16.427+05:30  INFO 18456 --- [transaction-service] [main] DiscoveryClientOptionalArgsConfiguration : Eureka HTTP Client uses RestTemplate.
2026-04-30T13:24:16.458+05:30  WARN 18456 --- [transaction-service] [main] iguration$LoadBalancerCaffeineWarnLogger : Spring Cloud LoadBalancer is currently working with the default cache. While this cache implementation is useful for development and tests, it's recommended to use Caffeine cache in production.You can switch to using Caffeine cache, by adding it and org.springframework.cache.caffeine.CaffeineCacheManager to the classpath.
2026-04-30T13:24:16.472+05:30  INFO 18456 --- [transaction-service] [main] o.s.b.a.e.web.EndpointLinksResolver      : Exposing 2 endpoint(s) beneath base path '/actuator'
2026-04-30T13:24:16.534+05:30  INFO 18456 --- [transaction-service] [main] o.s.c.n.eureka.InstanceInfoFactory       : Setting initial instance status as: STARTING
2026-04-30T13:24:16.598+05:30  INFO 18456 --- [transaction-service] [main] com.netflix.discovery.DiscoveryClient    : Initializing Eureka in region us-east-1
2026-04-30T13:24:16.601+05:30  INFO 18456 --- [transaction-service] [main] c.n.d.s.r.aws.ConfigClusterResolver      : Resolving eureka endpoints via configuration
2026-04-30T13:24:16.626+05:30  INFO 18456 --- [transaction-service] [main] com.netflix.discovery.DiscoveryClient    : Disable delta property : false
2026-04-30T13:24:16.627+05:30  INFO 18456 --- [transaction-service] [main] com.netflix.discovery.DiscoveryClient    : Single vip registry refresh property : null
2026-04-30T13:24:16.627+05:30  INFO 18456 --- [transaction-service] [main] com.netflix.discovery.DiscoveryClient    : Force full registry fetch : false
2026-04-30T13:24:16.627+05:30  INFO 18456 --- [transaction-service] [main] com.netflix.discovery.DiscoveryClient    : Application is null : false
2026-04-30T13:24:16.627+05:30  INFO 18456 --- [transaction-service] [main] com.netflix.discovery.DiscoveryClient    : Registered Applications size is zero : true
2026-04-30T13:24:16.627+05:30  INFO 18456 --- [transaction-service] [main] com.netflix.discovery.DiscoveryClient    : Application version is -1: true
2026-04-30T13:24:16.628+05:30  INFO 18456 --- [transaction-service] [main] com.netflix.discovery.DiscoveryClient    : Getting all instance registry info from the eureka server
2026-04-30T13:24:16.862+05:30  INFO 18456 --- [transaction-service] [main] com.netflix.discovery.DiscoveryClient    : The response status is 200
2026-04-30T13:24:16.864+05:30  INFO 18456 --- [transaction-service] [main] com.netflix.discovery.DiscoveryClient    : Starting heartbeat executor: renew interval is: 30
2026-04-30T13:24:16.867+05:30  INFO 18456 --- [transaction-service] [main] c.n.discovery.InstanceInfoReplicator     : InstanceInfoReplicator onDemand update allowed rate per min is 4
2026-04-30T13:24:16.870+05:30  INFO 18456 --- [transaction-service] [main] com.netflix.discovery.DiscoveryClient    : Discovery Client initialized at timestamp 1777535656870 with initial instances count: 0
2026-04-30T13:24:16.875+05:30  INFO 18456 --- [transaction-service] [main] o.s.c.n.e.s.EurekaServiceRegistry        : Registering application TRANSACTION-SERVICE with eureka with status UP
2026-04-30T13:24:16.876+05:30  INFO 18456 --- [transaction-service] [main] com.netflix.discovery.DiscoveryClient    : Saw local status change event StatusChangeEvent [timestamp=1777535656876, current=UP, previous=STARTING]
2026-04-30T13:24:16.878+05:30  INFO 18456 --- [transaction-service] [DiscoveryClient-InstanceInfoReplicator-0] com.netflix.discovery.DiscoveryClient    : DiscoveryClient_TRANSACTION-SERVICE/transaction-service:8084: registering service...
2026-04-30T13:24:16.900+05:30  INFO 18456 --- [transaction-service] [main] o.s.b.w.embedded.tomcat.TomcatWebServer  : Tomcat started on port 8084 (http) with context path ''
2026-04-30T13:24:16.901+05:30  INFO 18456 --- [transaction-service] [main] .s.c.n.e.s.EurekaAutoServiceRegistration : Updating port to 8084
2026-04-30T13:24:16.907+05:30  INFO 18456 --- [transaction-service] [main] o.s.a.r.c.CachingConnectionFactory       : Attempting to connect to: [localhost:5672]
2026-04-30T13:24:16.909+05:30  INFO 18456 --- [transaction-service] [DiscoveryClient-InstanceInfoReplicator-0] com.netflix.discovery.DiscoveryClient    : DiscoveryClient_TRANSACTION-SERVICE/transaction-service:8084 - registration status: 204
2026-04-30T13:24:16.912+05:30  INFO 18456 --- [transaction-service] [main] o.s.a.r.l.SimpleMessageListenerContainer : Broker not available; cannot force queue declarations during start: java.net.ConnectException: Connection refused: no further information
2026-04-30T13:24:16.918+05:30  INFO 18456 --- [transaction-service] [org.springframework.amqp.rabbit.RabbitListenerEndpointContainer#0-1] o.s.a.r.c.CachingConnectionFactory       : Attempting to connect to: [localhost:5672]
2026-04-30T13:24:16.921+05:30 ERROR 18456 --- [transaction-service] [org.springframework.amqp.rabbit.RabbitListenerEndpointContainer#0-1] o.s.a.r.l.SimpleMessageListenerContainer : Failed to check/redeclare auto-delete queue(s).

org.springframework.amqp.AmqpConnectException: java.net.ConnectException: Connection refused: no further information
	at org.springframework.amqp.rabbit.support.RabbitExceptionTranslator.convertRabbitAccessException(RabbitExceptionTranslator.java:61) ~[spring-rabbit-3.1.4.jar:3.1.4]
	at org.springframework.amqp.rabbit.connection.AbstractConnectionFactory.createBareConnection(AbstractConnectionFactory.java:622) ~[spring-rabbit-3.1.4.jar:3.1.4]
	at org.springframework.amqp.rabbit.connection.CachingConnectionFactory.createConnection(CachingConnectionFactory.java:727) ~[spring-rabbit-3.1.4.jar:3.1.4]
	at org.springframework.amqp.rabbit.connection.ConnectionFactoryUtils.createConnection(ConnectionFactoryUtils.java:257) ~[spring-rabbit-3.1.4.jar:3.1.4]
	at org.springframework.amqp.rabbit.core.RabbitTemplate.doExecute(RabbitTemplate.java:2249) ~[spring-rabbit-3.1.4.jar:3.1.4]
	at org.springframework.amqp.rabbit.core.RabbitTemplate.execute(RabbitTemplate.java:2222) ~[spring-rabbit-3.1.4.jar:3.1.4]
	at org.springframework.amqp.rabbit.core.RabbitTemplate.execute(RabbitTemplate.java:2202) ~[spring-rabbit-3.1.4.jar:3.1.4]
	at org.springframework.amqp.rabbit.core.RabbitAdmin.getQueueInfo(RabbitAdmin.java:467) ~[spring-rabbit-3.1.4.jar:3.1.4]
	at org.springframework.amqp.rabbit.core.RabbitAdmin.getQueueProperties(RabbitAdmin.java:451) ~[spring-rabbit-3.1.4.jar:3.1.4]
	at org.springframework.amqp.rabbit.listener.AbstractMessageListenerContainer.attemptDeclarations(AbstractMessageListenerContainer.java:1960) ~[spring-rabbit-3.1.4.jar:3.1.4]
	at org.springframework.amqp.rabbit.listener.AbstractMessageListenerContainer.redeclareElementsIfNecessary(AbstractMessageListenerContainer.java:1924) ~[spring-rabbit-3.1.4.jar:3.1.4]
	at org.springframework.amqp.rabbit.listener.SimpleMessageListenerContainer$AsyncMessageProcessingConsumer.initialize(SimpleMessageListenerContainer.java:1478) ~[spring-rabbit-3.1.4.jar:3.1.4]
	at org.springframework.amqp.rabbit.listener.SimpleMessageListenerContainer$AsyncMessageProcessingConsumer.run(SimpleMessageListenerContainer.java:1320) ~[spring-rabbit-3.1.4.jar:3.1.4]
	at java.base/java.lang.Thread.run(Thread.java:1583) ~[na:na]
Caused by: java.net.ConnectException: Connection refused: no further information
	at java.base/sun.nio.ch.Net.pollConnect(Native Method) ~[na:na]
	at java.base/sun.nio.ch.Net.pollConnectNow(Net.java:682) ~[na:na]
	at java.base/sun.nio.ch.NioSocketImpl.timedFinishConnect(NioSocketImpl.java:542) ~[na:na]
	at java.base/sun.nio.ch.NioSocketImpl.connect(NioSocketImpl.java:592) ~[na:na]
	at java.base/java.net.SocksSocketImpl.connect(SocksSocketImpl.java:327) ~[na:na]
	at java.base/java.net.Socket.connect(Socket.java:751) ~[na:na]
	at com.rabbitmq.client.impl.SocketFrameHandlerFactory.create(SocketFrameHandlerFactory.java:61) ~[amqp-client-5.19.0.jar:5.19.0]
	at com.rabbitmq.client.ConnectionFactory.newConnection(ConnectionFactory.java:1249) ~[amqp-client-5.19.0.jar:5.19.0]
	at com.rabbitmq.client.ConnectionFactory.newConnection(ConnectionFactory.java:1198) ~[amqp-client-5.19.0.jar:5.19.0]
	at org.springframework.amqp.rabbit.connection.AbstractConnectionFactory.connectAddresses(AbstractConnectionFactory.java:668) ~[spring-rabbit-3.1.4.jar:3.1.4]
	at org.springframework.amqp.rabbit.connection.AbstractConnectionFactory.connect(AbstractConnectionFactory.java:637) ~[spring-rabbit-3.1.4.jar:3.1.4]
	at org.springframework.amqp.rabbit.connection.AbstractConnectionFactory.createBareConnection(AbstractConnectionFactory.java:584) ~[spring-rabbit-3.1.4.jar:3.1.4]
	... 12 common frames omitted

2026-04-30T13:24:16.924+05:30  INFO 18456 --- [transaction-service] [org.springframework.amqp.rabbit.RabbitListenerEndpointContainer#0-1] o.s.a.r.c.CachingConnectionFactory       : Attempting to connect to: [localhost:5672]
2026-04-30T13:24:16.936+05:30  INFO 18456 --- [transaction-service] [main] c.s.t.TransactionServiceApplication      : Started TransactionServiceApplication in 5.174 seconds (process running for 5.567)
2026-04-30T13:24:22.001+05:30  WARN 18456 --- [transaction-service] [org.springframework.amqp.rabbit.RabbitListenerEndpointContainer#0-1] o.s.a.r.l.SimpleMessageListenerContainer : Consumer raised exception, processing can restart if the connection factory supports it. Exception summary: org.springframework.amqp.AmqpConnectException: java.net.ConnectException: Connection refused: no further information
2026-04-30T13:24:22.004+05:30  INFO 18456 --- [transaction-service] [org.springframework.amqp.rabbit.RabbitListenerEndpointContainer#0-1] o.s.a.r.l.SimpleMessageListenerContainer : Restarting Consumer@c91ced9: tags=[[]], channel=null, acknowledgeMode=AUTO local queue size=0
2026-04-30T13:24:22.007+05:30  INFO 18456 --- [transaction-service] [org.springframework.amqp.rabbit.RabbitListenerEndpointContainer#0-2] o.s.a.r.c.CachingConnectionFactory       : Attempting to connect to: [localhost:5672]
2026-04-30T13:24:22.008+05:30 ERROR 18456 --- [transaction-service] [org.springframework.amqp.rabbit.RabbitListenerEndpointContainer#0-2] o.s.a.r.l.SimpleMessageListenerContainer : Failed to check/redeclare auto-delete queue(s).
2026-04-30T13:24:22.008+05:30  INFO 18456 --- [transaction-service] [org.springframework.amqp.rabbit.RabbitListenerEndpointContainer#0-2] o.s.a.r.c.CachingConnectionFactory       : Attempting to connect to: [localhost:5672]
2026-04-30T13:24:27.133+05:30  WARN 18456 --- [transaction-service] [org.springframework.amqp.rabbit.RabbitListenerEndpointContainer#0-2] o.s.a.r.l.SimpleMessageListenerContainer : Consumer raised exception, processing can restart if the connection factory supports it. Exception summary: org.springframework.amqp.AmqpConnectException: java.net.ConnectException: Connection refused: no further information
2026-04-30T13:24:27.134+05:30  INFO 18456 --- [transaction-service] [org.springframework.amqp.rabbit.RabbitListenerEndpointContainer#0-2] o.s.a.r.l.SimpleMessageListenerContainer : Restarting Consumer@4bf2d74f: tags=[[]], channel=null, acknowledgeMode=AUTO local queue size=0
2026-04-30T13:24:27.137+05:30  INFO 18456 --- [transaction-service] [org.springframework.amqp.rabbit.RabbitListenerEndpointContainer#0-3] o.s.a.r.c.CachingConnectionFactory       : Attempting to connect to: [localhost:5672]
2026-04-30T13:24:27.139+05:30 ERROR 18456 --- [transaction-service] [org.springframework.amqp.rabbit.RabbitListenerEndpointContainer#0-3] o.s.a.r.l.SimpleMessageListenerContainer : Failed to check/redeclare auto-delete queue(s).
2026-04-30T13:24:27.139+05:30  INFO 18456 --- [transaction-service] [org.springframework.amqp.rabbit.RabbitListenerEndpointContainer#0-3] o.s.a.r.c.CachingConnectionFactory       : Attempting to connect to: [localhost:5672]
2026-04-30T13:24:32.277+05:30  WARN 18456 --- [transaction-service] [org.springframework.amqp.rabbit.RabbitListenerEndpointContainer#0-3] o.s.a.r.l.SimpleMessageListenerContainer : Consumer raised exception, processing can restart if the connection factory supports it. Exception summary: org.springframework.amqp.AmqpConnectException: java.net.ConnectException: Connection refused: no further information
2026-04-30T13:24:32.277+05:30  INFO 18456 --- [transaction-service] [org.springframework.amqp.rabbit.RabbitListenerEndpointContainer#0-3] o.s.a.r.l.SimpleMessageListenerContainer : Restarting Consumer@4f77690b: tags=[[]], channel=null, acknowledgeMode=AUTO local queue size=0
2026-04-30T13:24:32.280+05:30  INFO 18456 --- [transaction-service] [org.springframework.amqp.rabbit.RabbitListenerEndpointContainer#0-4] o.s.a.r.c.CachingConnectionFactory       : Attempting to connect to: [localhost:5672]
2026-04-30T13:24:32.282+05:30 ERROR 18456 --- [transaction-service] [org.springframework.amqp.rabbit.RabbitListenerEndpointContainer#0-4] o.s.a.r.l.SimpleMessageListenerContainer : Failed to check/redeclare auto-delete queue(s).
2026-04-30T13:24:32.284+05:30  INFO 18456 --- [transaction-service] [org.springframework.amqp.rabbit.RabbitListenerEndpointContainer#0-4] o.s.a.r.c.CachingConnectionFactory       : Attempting to connect to: [localhost:5672]
2026-04-30T13:24:37.423+05:30  WARN 18456 --- [transaction-service] [org.springframework.amqp.rabbit.RabbitListenerEndpointContainer#0-4] o.s.a.r.l.SimpleMessageListenerContainer : Consumer raised exception, processing can restart if the connection factory supports it. Exception summary: org.springframework.amqp.AmqpConnectException: java.net.ConnectException: Connection refused: no further information
2026-04-30T13:24:37.423+05:30  INFO 18456 --- [transaction-service] [org.springframework.amqp.rabbit.RabbitListenerEndpointContainer#0-4] o.s.a.r.l.SimpleMessageListenerContainer : Restarting Consumer@68019b50: tags=[[]], channel=null, acknowledgeMode=AUTO local queue size=0
2026-04-30T13:24:37.425+05:30  INFO 18456 --- [transaction-service] [org.springframework.amqp.rabbit.RabbitListenerEndpointContainer#0-5] o.s.a.r.c.CachingConnectionFactory       : Attempting to connect to: [localhost:5672]
2026-04-30T13:24:37.439+05:30 ERROR 18456 --- [transaction-service] [org.springframework.amqp.rabbit.RabbitListenerEndpointContainer#0-5] o.s.a.r.l.SimpleMessageListenerContainer : Failed to check/redeclare auto-delete queue(s).
2026-04-30T13:24:37.439+05:30  INFO 18456 --- [transaction-service] [org.springframework.amqp.rabbit.RabbitListenerEndpointContainer#0-5] o.s.a.r.c.CachingConnectionFactory       : Attempting to connect to: [localhost:5672]
2026-04-30T13:24:42.640+05:30  WARN 18456 --- [transaction-service] [org.springframework.amqp.rabbit.RabbitListenerEndpointContainer#0-5] o.s.a.r.l.SimpleMessageListenerContainer : Consumer raised exception, processing can restart if the connection factory supports it. Exception summary: org.springframework.amqp.AmqpConnectException: java.net.ConnectException: Connection refused: no further information
2026-04-30T13:24:42.640+05:30  INFO 18456 --- [transaction-service] [org.springframework.amqp.rabbit.RabbitListenerEndpointContainer#0-5] o.s.a.r.l.SimpleMessageListenerContainer : Restarting Consumer@347c8b06: tags=[[]], channel=null, acknowledgeMode=AUTO local queue size=0
2026-04-30T13:24:42.640+05:30  INFO 18456 --- [transaction-service] [org.springframework.amqp.rabbit.RabbitListenerEndpointContainer#0-6] o.s.a.r.c.CachingConnectionFactory       : Attempting to connect to: [localhost:5672]
2026-04-30T13:24:42.643+05:30 ERROR 18456 --- [transaction-service] [org.springframework.amqp.rabbit.RabbitListenerEndpointContainer#0-6] o.s.a.r.l.SimpleMessageListenerContainer : Failed to check/redeclare auto-delete queue(s).
2026-04-30T13:24:42.643+05:30  INFO 18456 --- [transaction-service] [org.springframework.amqp.rabbit.RabbitListenerEndpointContainer#0-6] o.s.a.r.c.CachingConnectionFactory       : Attempting to connect to: [localhost:5672]
2026-04-30T13:24:46.873+05:30  INFO 18456 --- [transaction-service] [DiscoveryClient-CacheRefreshExecutor-0] com.netflix.discovery.DiscoveryClient    : Disable delta property : false
2026-04-30T13:24:46.873+05:30  INFO 18456 --- [transaction-service] [DiscoveryClient-CacheRefreshExecutor-0] com.netflix.discovery.DiscoveryClient    : Single vip registry refresh property : null
2026-04-30T13:24:46.877+05:30  INFO 18456 --- [transaction-service] [DiscoveryClient-CacheRefreshExecutor-0] com.netflix.discovery.DiscoveryClient    : Force full registry fetch : false
2026-04-30T13:24:46.877+05:30  INFO 18456 --- [transaction-service] [DiscoveryClient-CacheRefreshExecutor-0] com.netflix.discovery.DiscoveryClient    : Application is null : false
2026-04-30T13:24:46.877+05:30  INFO 18456 --- [transaction-service] [DiscoveryClient-CacheRefreshExecutor-0] com.netflix.discovery.DiscoveryClient    : Registered Applications size is zero : true
2026-04-30T13:24:46.877+05:30  INFO 18456 --- [transaction-service] [DiscoveryClient-CacheRefreshExecutor-0] com.netflix.discovery.DiscoveryClient    : Application version is -1: false
2026-04-30T13:24:46.877+05:30  INFO 18456 --- [transaction-service] [DiscoveryClient-CacheRefreshExecutor-0] com.netflix.discovery.DiscoveryClient    : Getting all instance registry info from the eureka server
2026-04-30T13:24:46.921+05:30  INFO 18456 --- [transaction-service] [DiscoveryClient-CacheRefreshExecutor-0] com.netflix.discovery.DiscoveryClient    : The response status is 200
2026-04-30T13:24:47.829+05:30  WARN 18456 --- [transaction-service] [org.springframework.amqp.rabbit.RabbitListenerEndpointContainer#0-6] o.s.a.r.l.SimpleMessageListenerContainer : Consumer raised exception, processing can restart if the connection factory supports it. Exception summary: org.springframework.amqp.AmqpConnectException: java.net.ConnectException: Connection refused: no further information
2026-04-30T13:24:47.829+05:30  INFO 18456 --- [transaction-service] [org.springframework.amqp.rabbit.RabbitListenerEndpointContainer#0-6] o.s.a.r.l.SimpleMessageListenerContainer : Restarting Consumer@ce26c93: tags=[[]], channel=null, acknowledgeMode=AUTO local queue size=0
2026-04-30T13:24:47.829+05:30  INFO 18456 --- [transaction-service] [org.springframework.amqp.rabbit.RabbitListenerEndpointContainer#0-7] o.s.a.r.c.CachingConnectionFactory       : Attempting to connect to: [localhost:5672]
2026-04-30T13:24:47.861+05:30 ERROR 18456 --- [transaction-service] [org.springframework.amqp.rabbit.RabbitListenerEndpointContainer#0-7] o.s.a.r.l.SimpleMessageListenerContainer : Failed to check/redeclare auto-delete queue(s).
2026-04-30T13:24:47.861+05:30  INFO 18456 --- [transaction-service] [org.springframework.amqp.rabbit.RabbitListenerEndpointContainer#0-7] o.s.a.r.c.CachingConnectionFactory       : Attempting to connect to: [localhost:5672]
2026-04-30T13:24:53.040+05:30  WARN 18456 --- [transaction-service] [org.springframework.amqp.rabbit.RabbitListenerEndpointContainer#0-7] o.s.a.r.l.SimpleMessageListenerContainer : Consumer raised exception, processing can restart if the connection factory supports it. Exception summary: org.springframework.amqp.AmqpConnectException: java.net.ConnectException: Connection refused: no further information
2026-04-30T13:24:53.040+05:30  INFO 18456 --- [transaction-service] [org.springframework.amqp.rabbit.RabbitListenerEndpointContainer#0-7] o.s.a.r.l.SimpleMessageListenerContainer : Restarting Consumer@323b2a4f: tags=[[]], channel=null, acknowledgeMode=AUTO local queue size=0
2026-04-30T13:24:53.040+05:30  INFO 18456 --- [transaction-service] [org.springframework.amqp.rabbit.RabbitListenerEndpointContainer#0-8] o.s.a.r.c.CachingConnectionFactory       : Attempting to connect to: [localhost:5672]
2026-04-30T13:24:53.040+05:30 ERROR 18456 --- [transaction-service] [org.springframework.amqp.rabbit.RabbitListenerEndpointContainer#0-8] o.s.a.r.l.SimpleMessageListenerContainer : Failed to check/redeclare auto-delete queue(s).
2026-04-30T13:24:53.040+05:30  INFO 18456 --- [transaction-service] [org.springframework.amqp.rabbit.RabbitListenerEndpointContainer#0-8] o.s.a.r.c.CachingConnectionFactory       : Attempting to connect to: [localhost:5672]
2026-04-30T13:24:58.205+05:30  WARN 18456 --- [transaction-service] [org.springframework.amqp.rabbit.RabbitListenerEndpointContainer#0-8] o.s.a.r.l.SimpleMessageListenerContainer : Consumer raised exception, processing can restart if the connection factory supports it. Exception summary: org.springframework.amqp.AmqpConnectException: java.net.ConnectException: Connection refused: no further information
2026-04-30T13:24:58.205+05:30  INFO 18456 --- [transaction-service] [org.springframework.amqp.rabbit.RabbitListenerEndpointContainer#0-8] o.s.a.r.l.SimpleMessageListenerContainer : Restarting Consumer@5b10fe67: tags=[[]], channel=null, acknowledgeMode=AUTO local queue size=0
2026-04-30T13:24:58.205+05:30  INFO 18456 --- [transaction-service] [org.springframework.amqp.rabbit.RabbitListenerEndpointContainer#0-9] o.s.a.r.c.CachingConnectionFactory       : Attempting to connect to: [localhost:5672]
2026-04-30T13:24:58.221+05:30 ERROR 18456 --- [transaction-service] [org.springframework.amqp.rabbit.RabbitListenerEndpointContainer#0-9] o.s.a.r.l.SimpleMessageListenerContainer : Failed to check/redeclare auto-delete queue(s).
2026-04-30T13:24:58.221+05:30  INFO 18456 --- [transaction-service] [org.springframework.amqp.rabbit.RabbitListenerEndpointContainer#0-9] o.s.a.r.c.CachingConnectionFactory       : Attempting to connect to: [localhost:5672]
2026-04-30T13:25:03.350+05:30  WARN 18456 --- [transaction-service] [org.springframework.amqp.rabbit.RabbitListenerEndpointContainer#0-9] o.s.a.r.l.SimpleMessageListenerContainer : Consumer raised exception, processing can restart if the connection factory supports it. Exception summary: org.springframework.amqp.AmqpConnectException: java.net.ConnectException: Connection refused: no further information
2026-04-30T13:25:03.351+05:30  INFO 18456 --- [transaction-service] [org.springframework.amqp.rabbit.RabbitListenerEndpointContainer#0-9] o.s.a.r.l.SimpleMessageListenerContainer : Restarting Consumer@5a62e14d: tags=[[]], channel=null, acknowledgeMode=AUTO local queue size=0
2026-04-30T13:25:03.354+05:30  INFO 18456 --- [transaction-service] [org.springframework.amqp.rabbit.RabbitListenerEndpointContainer#0-10] o.s.a.r.c.CachingConnectionFactory       : Attempting to connect to: [localhost:5672]
2026-04-30T13:25:03.398+05:30  INFO 18456 --- [transaction-service] [org.springframework.amqp.rabbit.RabbitListenerEndpointContainer#0-10] o.s.a.r.c.CachingConnectionFactory       : Created new connection: rabbitConnectionFactory#2b9bacb8:19/SimpleConnection@2b302d41 [delegate=amqp://guest@127.0.0.1:5672/, localPort=58587]
2026-04-30T13:29:16.640+05:30  INFO 18456 --- [transaction-service] [AsyncResolver-bootstrap-executor-0] c.n.d.s.r.aws.ConfigClusterResolver      : Resolving eureka endpoints via configuration
