2026-04-30T13:24:07.761+05:30  INFO 24536 --- [wallet-service] [main] c.s.w.WalletServiceApplication           : Starting WalletServiceApplication using Java 21.0.1 with PID 24536 (C:\Users\soham.patil\IdeaProjects\sterling-ewallet\wallet-service\target\classes started by soham.patil in C:\Users\soham.patil\IdeaProjects\sterling-ewallet\wallet-service)
2026-04-30T13:24:07.789+05:30  INFO 24536 --- [wallet-service] [main] c.s.w.WalletServiceApplication           : No active profile set, falling back to 1 default profile: "default"
2026-04-30T13:24:08.758+05:30  INFO 24536 --- [wallet-service] [main] .s.d.r.c.RepositoryConfigurationDelegate : Bootstrapping Spring Data JPA repositories in DEFAULT mode.
2026-04-30T13:24:08.880+05:30  INFO 24536 --- [wallet-service] [main] .s.d.r.c.RepositoryConfigurationDelegate : Finished Spring Data repository scanning in 110 ms. Found 1 JPA repository interface.
2026-04-30T13:24:09.157+05:30  INFO 24536 --- [wallet-service] [main] o.s.cloud.context.scope.GenericScope     : BeanFactory id=78d0e269-66eb-3bfa-8e25-eff9e7b10fe3
2026-04-30T13:24:09.520+05:30  WARN 24536 --- [wallet-service] [main] trationDelegate$BeanPostProcessorChecker : Bean 'org.springframework.cloud.client.loadbalancer.LoadBalancerAutoConfiguration$DeferringLoadBalancerInterceptorConfig' of type [org.springframework.cloud.client.loadbalancer.LoadBalancerAutoConfiguration$DeferringLoadBalancerInterceptorConfig] is not eligible for getting processed by all BeanPostProcessors (for example: not eligible for auto-proxying). The currently created BeanPostProcessor [lbRestClientPostProcessor] is declared through a non-static factory method on that class; consider declaring it as static instead.
2026-04-30T13:24:09.523+05:30  WARN 24536 --- [wallet-service] [main] trationDelegate$BeanPostProcessorChecker : Bean 'deferringLoadBalancerInterceptor' of type [org.springframework.cloud.client.loadbalancer.DeferringLoadBalancerInterceptor] is not eligible for getting processed by all BeanPostProcessors (for example: not eligible for auto-proxying). Is this bean getting eagerly injected into a currently created BeanPostProcessor [lbRestClientPostProcessor]? Check the corresponding BeanPostProcessor declaration and its dependencies.
2026-04-30T13:24:09.802+05:30  INFO 24536 --- [wallet-service] [main] o.s.b.w.embedded.tomcat.TomcatWebServer  : Tomcat initialized with port 8083 (http)
2026-04-30T13:24:09.815+05:30  INFO 24536 --- [wallet-service] [main] o.apache.catalina.core.StandardService   : Starting service [Tomcat]
2026-04-30T13:24:09.815+05:30  INFO 24536 --- [wallet-service] [main] o.apache.catalina.core.StandardEngine    : Starting Servlet engine: [Apache Tomcat/10.1.20]
2026-04-30T13:24:09.927+05:30  INFO 24536 --- [wallet-service] [main] o.a.c.c.C.[Tomcat].[localhost].[/]       : Initializing Spring embedded WebApplicationContext
2026-04-30T13:24:09.927+05:30  INFO 24536 --- [wallet-service] [main] w.s.c.ServletWebServerApplicationContext : Root WebApplicationContext: initialization completed in 2085 ms
2026-04-30T13:24:10.069+05:30  INFO 24536 --- [wallet-service] [main] com.zaxxer.hikari.HikariDataSource       : HikariPool-1 - Starting...
2026-04-30T13:24:10.221+05:30  INFO 24536 --- [wallet-service] [main] com.zaxxer.hikari.pool.HikariPool        : HikariPool-1 - Added connection conn0: url=jdbc:h2:mem:walletdb user=SA
2026-04-30T13:24:10.223+05:30  INFO 24536 --- [wallet-service] [main] com.zaxxer.hikari.HikariDataSource       : HikariPool-1 - Start completed.
2026-04-30T13:24:10.230+05:30  INFO 24536 --- [wallet-service] [main] o.s.b.a.h2.H2ConsoleAutoConfiguration    : H2 console available at '/h2-console'. Database available at 'jdbc:h2:mem:walletdb'
2026-04-30T13:24:10.428+05:30  INFO 24536 --- [wallet-service] [main] o.hibernate.jpa.internal.util.LogHelper  : HHH000204: Processing PersistenceUnitInfo [name: default]
2026-04-30T13:24:10.474+05:30  INFO 24536 --- [wallet-service] [main] org.hibernate.Version                    : HHH000412: Hibernate ORM core version 6.4.4.Final
2026-04-30T13:24:10.520+05:30  INFO 24536 --- [wallet-service] [main] o.h.c.internal.RegionFactoryInitiator    : HHH000026: Second-level cache disabled
2026-04-30T13:24:10.706+05:30  INFO 24536 --- [wallet-service] [main] o.s.o.j.p.SpringPersistenceUnitInfo      : No LoadTimeWeaver setup: ignoring JPA class transformer
2026-04-30T13:24:10.747+05:30  WARN 24536 --- [wallet-service] [main] org.hibernate.orm.deprecation            : HHH90000025: H2Dialect does not need to be specified explicitly using 'hibernate.dialect' (remove the property setting and it will be selected by default)
2026-04-30T13:24:11.562+05:30  INFO 24536 --- [wallet-service] [main] o.h.e.t.j.p.i.JtaPlatformInitiator       : HHH000489: No JTA platform available (set 'hibernate.transaction.jta.platform' to enable JTA platform integration)
2026-04-30T13:24:11.594+05:30  INFO 24536 --- [wallet-service] [main] j.LocalContainerEntityManagerFactoryBean : Initialized JPA EntityManagerFactory for persistence unit 'default'
2026-04-30T13:24:11.926+05:30  WARN 24536 --- [wallet-service] [main] JpaBaseConfiguration$JpaWebConfiguration : spring.jpa.open-in-view is enabled by default. Therefore, database queries may be performed during view rendering. Explicitly configure spring.jpa.open-in-view to disable this warning
2026-04-30T13:24:11.997+05:30  INFO 24536 --- [wallet-service] [main] o.s.c.openfeign.FeignClientFactoryBean   : For 'user-service' URL not provided. Will try picking an instance via load-balancing.
2026-04-30T13:24:13.022+05:30  INFO 24536 --- [wallet-service] [main] DiscoveryClientOptionalArgsConfiguration : Eureka HTTP Client uses RestTemplate.
2026-04-30T13:24:13.061+05:30  WARN 24536 --- [wallet-service] [main] iguration$LoadBalancerCaffeineWarnLogger : Spring Cloud LoadBalancer is currently working with the default cache. While this cache implementation is useful for development and tests, it's recommended to use Caffeine cache in production.You can switch to using Caffeine cache, by adding it and org.springframework.cache.caffeine.CaffeineCacheManager to the classpath.
2026-04-30T13:24:13.076+05:30  INFO 24536 --- [wallet-service] [main] o.s.b.a.e.web.EndpointLinksResolver      : Exposing 2 endpoint(s) beneath base path '/actuator'
2026-04-30T13:24:13.158+05:30  INFO 24536 --- [wallet-service] [main] o.s.c.n.eureka.InstanceInfoFactory       : Setting initial instance status as: STARTING
2026-04-30T13:24:13.233+05:30  INFO 24536 --- [wallet-service] [main] com.netflix.discovery.DiscoveryClient    : Initializing Eureka in region us-east-1
2026-04-30T13:24:13.237+05:30  INFO 24536 --- [wallet-service] [main] c.n.d.s.r.aws.ConfigClusterResolver      : Resolving eureka endpoints via configuration
2026-04-30T13:24:13.256+05:30  INFO 24536 --- [wallet-service] [main] com.netflix.discovery.DiscoveryClient    : Disable delta property : false
2026-04-30T13:24:13.257+05:30  INFO 24536 --- [wallet-service] [main] com.netflix.discovery.DiscoveryClient    : Single vip registry refresh property : null
2026-04-30T13:24:13.257+05:30  INFO 24536 --- [wallet-service] [main] com.netflix.discovery.DiscoveryClient    : Force full registry fetch : false
2026-04-30T13:24:13.257+05:30  INFO 24536 --- [wallet-service] [main] com.netflix.discovery.DiscoveryClient    : Application is null : false
2026-04-30T13:24:13.258+05:30  INFO 24536 --- [wallet-service] [main] com.netflix.discovery.DiscoveryClient    : Registered Applications size is zero : true
2026-04-30T13:24:13.258+05:30  INFO 24536 --- [wallet-service] [main] com.netflix.discovery.DiscoveryClient    : Application version is -1: true
2026-04-30T13:24:13.258+05:30  INFO 24536 --- [wallet-service] [main] com.netflix.discovery.DiscoveryClient    : Getting all instance registry info from the eureka server
2026-04-30T13:24:13.509+05:30  INFO 24536 --- [wallet-service] [main] com.netflix.discovery.DiscoveryClient    : The response status is 200
2026-04-30T13:24:13.512+05:30  INFO 24536 --- [wallet-service] [main] com.netflix.discovery.DiscoveryClient    : Starting heartbeat executor: renew interval is: 30
2026-04-30T13:24:13.513+05:30  INFO 24536 --- [wallet-service] [main] c.n.discovery.InstanceInfoReplicator     : InstanceInfoReplicator onDemand update allowed rate per min is 4
2026-04-30T13:24:13.518+05:30  INFO 24536 --- [wallet-service] [main] com.netflix.discovery.DiscoveryClient    : Discovery Client initialized at timestamp 1777535653517 with initial instances count: 0
2026-04-30T13:24:13.522+05:30  INFO 24536 --- [wallet-service] [main] o.s.c.n.e.s.EurekaServiceRegistry        : Registering application WALLET-SERVICE with eureka with status UP
2026-04-30T13:24:13.523+05:30  INFO 24536 --- [wallet-service] [main] com.netflix.discovery.DiscoveryClient    : Saw local status change event StatusChangeEvent [timestamp=1777535653523, current=UP, previous=STARTING]
2026-04-30T13:24:13.525+05:30  INFO 24536 --- [wallet-service] [DiscoveryClient-InstanceInfoReplicator-0] com.netflix.discovery.DiscoveryClient    : DiscoveryClient_WALLET-SERVICE/wallet-service:8083: registering service...
2026-04-30T13:24:13.551+05:30  INFO 24536 --- [wallet-service] [main] o.s.b.w.embedded.tomcat.TomcatWebServer  : Tomcat started on port 8083 (http) with context path ''
2026-04-30T13:24:13.552+05:30  INFO 24536 --- [wallet-service] [main] .s.c.n.e.s.EurekaAutoServiceRegistration : Updating port to 8083
2026-04-30T13:24:13.561+05:30  INFO 24536 --- [wallet-service] [main] o.s.a.r.c.CachingConnectionFactory       : Attempting to connect to: [localhost:5672]
2026-04-30T13:24:13.571+05:30  INFO 24536 --- [wallet-service] [DiscoveryClient-InstanceInfoReplicator-0] com.netflix.discovery.DiscoveryClient    : DiscoveryClient_WALLET-SERVICE/wallet-service:8083 - registration status: 204
2026-04-30T13:24:13.571+05:30  INFO 24536 --- [wallet-service] [main] o.s.a.r.l.SimpleMessageListenerContainer : Broker not available; cannot force queue declarations during start: java.net.ConnectException: Connection refused: no further information
2026-04-30T13:24:13.578+05:30  INFO 24536 --- [wallet-service] [org.springframework.amqp.rabbit.RabbitListenerEndpointContainer#0-1] o.s.a.r.c.CachingConnectionFactory       : Attempting to connect to: [localhost:5672]
2026-04-30T13:24:13.580+05:30 ERROR 24536 --- [wallet-service] [org.springframework.amqp.rabbit.RabbitListenerEndpointContainer#0-1] o.s.a.r.l.SimpleMessageListenerContainer : Failed to check/redeclare auto-delete queue(s).

org.springframework.amqp.AmqpConnectException: java.net.ConnectException: Connection refused: no further information
	at org.springframework.amqp.rabbit.support.RabbitExceptionTranslator.convertRabbitAccessException(RabbitExceptionTranslator.java:61) ~[spring-rabbit-3.1.4.jar:3.1.4]
	at org.springframework.amqp.rabbit.connection.AbstractConnectionFactory.createBareConnection(AbstractConnectionFactory.java:622) ~[spring-rabbit-3.1.4.jar:3.1.4]
	at org.springframework.amqp.rabbit.connection.CachingConnectionFactory.createConnection(CachingConnectionFactory.java:727) ~[spring-rabbit-3.1.4.jar:3.1.4]
	at org.springframework.amqp.rabbit.connection.ConnectionFactoryUtils.createConnection(ConnectionFactoryUtils.java:257) ~[spring-rabbit-3.1.4.jar:3.1.4]
	at org.springframework.amqp.rabbit.core.RabbitTemplate.doExecute(RabbitTemplate.java:2249) ~[spring-rabbit-3.1.4.jar:3.1.4]
	at org.springframework.amqp.rabbit.core.RabbitTemplate.execute(RabbitTemplate.java:2222) ~[spring-rabbit-3.1.4.jar:3.1.4]
	at org.springframework.amqp.rabbit.core.RabbitTemplate.execute(RabbitTemplate.java:2202) ~[spring-rabbit-3.1.4.jar:3.1.4]
	at org.springframework.amqp.rabbit.core.RabbitAdmin.getQueueInfo(RabbitAdmin.java:467) ~[spring-rabbit-3.1.4.jar:3.1.4]
	at org.springframework.amqp.rabbit.core.RabbitAdmin.getQueueProperties(RabbitAdmin.java:451) ~[spring-rabbit-3.1.4.jar:3.1.4]
	at org.springframework.amqp.rabbit.listener.AbstractMessageListenerContainer.attemptDeclarations(AbstractMessageListenerContainer.java:1960) ~[spring-rabbit-3.1.4.jar:3.1.4]
	at org.springframework.amqp.rabbit.listener.AbstractMessageListenerContainer.redeclareElementsIfNecessary(AbstractMessageListenerContainer.java:1924) ~[spring-rabbit-3.1.4.jar:3.1.4]
	at org.springframework.amqp.rabbit.listener.SimpleMessageListenerContainer$AsyncMessageProcessingConsumer.initialize(SimpleMessageListenerContainer.java:1478) ~[spring-rabbit-3.1.4.jar:3.1.4]
	at org.springframework.amqp.rabbit.listener.SimpleMessageListenerContainer$AsyncMessageProcessingConsumer.run(SimpleMessageListenerContainer.java:1320) ~[spring-rabbit-3.1.4.jar:3.1.4]
	at java.base/java.lang.Thread.run(Thread.java:1583) ~[na:na]
Caused by: java.net.ConnectException: Connection refused: no further information
	at java.base/sun.nio.ch.Net.pollConnect(Native Method) ~[na:na]
	at java.base/sun.nio.ch.Net.pollConnectNow(Net.java:682) ~[na:na]
	at java.base/sun.nio.ch.NioSocketImpl.timedFinishConnect(NioSocketImpl.java:542) ~[na:na]
	at java.base/sun.nio.ch.NioSocketImpl.connect(NioSocketImpl.java:592) ~[na:na]
	at java.base/java.net.SocksSocketImpl.connect(SocksSocketImpl.java:327) ~[na:na]
	at java.base/java.net.Socket.connect(Socket.java:751) ~[na:na]
	at com.rabbitmq.client.impl.SocketFrameHandlerFactory.create(SocketFrameHandlerFactory.java:61) ~[amqp-client-5.19.0.jar:5.19.0]
	at com.rabbitmq.client.ConnectionFactory.newConnection(ConnectionFactory.java:1249) ~[amqp-client-5.19.0.jar:5.19.0]
	at com.rabbitmq.client.ConnectionFactory.newConnection(ConnectionFactory.java:1198) ~[amqp-client-5.19.0.jar:5.19.0]
	at org.springframework.amqp.rabbit.connection.AbstractConnectionFactory.connectAddresses(AbstractConnectionFactory.java:668) ~[spring-rabbit-3.1.4.jar:3.1.4]
	at org.springframework.amqp.rabbit.connection.AbstractConnectionFactory.connect(AbstractConnectionFactory.java:637) ~[spring-rabbit-3.1.4.jar:3.1.4]
	at org.springframework.amqp.rabbit.connection.AbstractConnectionFactory.createBareConnection(AbstractConnectionFactory.java:584) ~[spring-rabbit-3.1.4.jar:3.1.4]
	... 12 common frames omitted

2026-04-30T13:24:13.587+05:30  INFO 24536 --- [wallet-service] [org.springframework.amqp.rabbit.RabbitListenerEndpointContainer#0-1] o.s.a.r.c.CachingConnectionFactory       : Attempting to connect to: [localhost:5672]
2026-04-30T13:24:13.598+05:30  INFO 24536 --- [wallet-service] [main] c.s.w.WalletServiceApplication           : Started WalletServiceApplication in 6.341 seconds (process running for 6.97)
2026-04-30T13:24:18.685+05:30  WARN 24536 --- [wallet-service] [org.springframework.amqp.rabbit.RabbitListenerEndpointContainer#0-1] o.s.a.r.l.SimpleMessageListenerContainer : Consumer raised exception, processing can restart if the connection factory supports it. Exception summary: org.springframework.amqp.AmqpConnectException: java.net.ConnectException: Connection refused: no further information
2026-04-30T13:24:18.689+05:30  INFO 24536 --- [wallet-service] [org.springframework.amqp.rabbit.RabbitListenerEndpointContainer#0-1] o.s.a.r.l.SimpleMessageListenerContainer : Restarting Consumer@1cbb6037: tags=[[]], channel=null, acknowledgeMode=AUTO local queue size=0
2026-04-30T13:24:18.691+05:30  INFO 24536 --- [wallet-service] [org.springframework.amqp.rabbit.RabbitListenerEndpointContainer#0-2] o.s.a.r.c.CachingConnectionFactory       : Attempting to connect to: [localhost:5672]
2026-04-30T13:24:18.731+05:30 ERROR 24536 --- [wallet-service] [org.springframework.amqp.rabbit.RabbitListenerEndpointContainer#0-2] o.s.a.r.l.SimpleMessageListenerContainer : Failed to check/redeclare auto-delete queue(s).
2026-04-30T13:24:18.731+05:30  INFO 24536 --- [wallet-service] [org.springframework.amqp.rabbit.RabbitListenerEndpointContainer#0-2] o.s.a.r.c.CachingConnectionFactory       : Attempting to connect to: [localhost:5672]
2026-04-30T13:24:23.834+05:30  WARN 24536 --- [wallet-service] [org.springframework.amqp.rabbit.RabbitListenerEndpointContainer#0-2] o.s.a.r.l.SimpleMessageListenerContainer : Consumer raised exception, processing can restart if the connection factory supports it. Exception summary: org.springframework.amqp.AmqpConnectException: java.net.ConnectException: Connection refused: no further information
2026-04-30T13:24:23.835+05:30  INFO 24536 --- [wallet-service] [org.springframework.amqp.rabbit.RabbitListenerEndpointContainer#0-2] o.s.a.r.l.SimpleMessageListenerContainer : Restarting Consumer@5790b9fd: tags=[[]], channel=null, acknowledgeMode=AUTO local queue size=0
2026-04-30T13:24:23.838+05:30  INFO 24536 --- [wallet-service] [org.springframework.amqp.rabbit.RabbitListenerEndpointContainer#0-3] o.s.a.r.c.CachingConnectionFactory       : Attempting to connect to: [localhost:5672]
2026-04-30T13:24:23.850+05:30 ERROR 24536 --- [wallet-service] [org.springframework.amqp.rabbit.RabbitListenerEndpointContainer#0-3] o.s.a.r.l.SimpleMessageListenerContainer : Failed to check/redeclare auto-delete queue(s).
2026-04-30T13:24:23.850+05:30  INFO 24536 --- [wallet-service] [org.springframework.amqp.rabbit.RabbitListenerEndpointContainer#0-3] o.s.a.r.c.CachingConnectionFactory       : Attempting to connect to: [localhost:5672]
2026-04-30T13:24:28.964+05:30  WARN 24536 --- [wallet-service] [org.springframework.amqp.rabbit.RabbitListenerEndpointContainer#0-3] o.s.a.r.l.SimpleMessageListenerContainer : Consumer raised exception, processing can restart if the connection factory supports it. Exception summary: org.springframework.amqp.AmqpConnectException: java.net.ConnectException: Connection refused: no further information
2026-04-30T13:24:28.965+05:30  INFO 24536 --- [wallet-service] [org.springframework.amqp.rabbit.RabbitListenerEndpointContainer#0-3] o.s.a.r.l.SimpleMessageListenerContainer : Restarting Consumer@6fb7a6f9: tags=[[]], channel=null, acknowledgeMode=AUTO local queue size=0
2026-04-30T13:24:28.967+05:30  INFO 24536 --- [wallet-service] [org.springframework.amqp.rabbit.RabbitListenerEndpointContainer#0-4] o.s.a.r.c.CachingConnectionFactory       : Attempting to connect to: [localhost:5672]
2026-04-30T13:24:28.981+05:30 ERROR 24536 --- [wallet-service] [org.springframework.amqp.rabbit.RabbitListenerEndpointContainer#0-4] o.s.a.r.l.SimpleMessageListenerContainer : Failed to check/redeclare auto-delete queue(s).
2026-04-30T13:24:28.981+05:30  INFO 24536 --- [wallet-service] [org.springframework.amqp.rabbit.RabbitListenerEndpointContainer#0-4] o.s.a.r.c.CachingConnectionFactory       : Attempting to connect to: [localhost:5672]
2026-04-30T13:24:34.100+05:30  WARN 24536 --- [wallet-service] [org.springframework.amqp.rabbit.RabbitListenerEndpointContainer#0-4] o.s.a.r.l.SimpleMessageListenerContainer : Consumer raised exception, processing can restart if the connection factory supports it. Exception summary: org.springframework.amqp.AmqpConnectException: java.net.ConnectException: Connection refused: no further information
2026-04-30T13:24:34.100+05:30  INFO 24536 --- [wallet-service] [org.springframework.amqp.rabbit.RabbitListenerEndpointContainer#0-4] o.s.a.r.l.SimpleMessageListenerContainer : Restarting Consumer@4401e7ca: tags=[[]], channel=null, acknowledgeMode=AUTO local queue size=0
2026-04-30T13:24:34.103+05:30  INFO 24536 --- [wallet-service] [org.springframework.amqp.rabbit.RabbitListenerEndpointContainer#0-5] o.s.a.r.c.CachingConnectionFactory       : Attempting to connect to: [localhost:5672]
2026-04-30T13:24:34.105+05:30 ERROR 24536 --- [wallet-service] [org.springframework.amqp.rabbit.RabbitListenerEndpointContainer#0-5] o.s.a.r.l.SimpleMessageListenerContainer : Failed to check/redeclare auto-delete queue(s).
2026-04-30T13:24:34.106+05:30  INFO 24536 --- [wallet-service] [org.springframework.amqp.rabbit.RabbitListenerEndpointContainer#0-5] o.s.a.r.c.CachingConnectionFactory       : Attempting to connect to: [localhost:5672]
2026-04-30T13:24:39.262+05:30  WARN 24536 --- [wallet-service] [org.springframework.amqp.rabbit.RabbitListenerEndpointContainer#0-5] o.s.a.r.l.SimpleMessageListenerContainer : Consumer raised exception, processing can restart if the connection factory supports it. Exception summary: org.springframework.amqp.AmqpConnectException: java.net.ConnectException: Connection refused: no further information
2026-04-30T13:24:39.262+05:30  INFO 24536 --- [wallet-service] [org.springframework.amqp.rabbit.RabbitListenerEndpointContainer#0-5] o.s.a.r.l.SimpleMessageListenerContainer : Restarting Consumer@6a85a18c: tags=[[]], channel=null, acknowledgeMode=AUTO local queue size=0
2026-04-30T13:24:39.265+05:30  INFO 24536 --- [wallet-service] [org.springframework.amqp.rabbit.RabbitListenerEndpointContainer#0-6] o.s.a.r.c.CachingConnectionFactory       : Attempting to connect to: [localhost:5672]
2026-04-30T13:24:39.278+05:30 ERROR 24536 --- [wallet-service] [org.springframework.amqp.rabbit.RabbitListenerEndpointContainer#0-6] o.s.a.r.l.SimpleMessageListenerContainer : Failed to check/redeclare auto-delete queue(s).
2026-04-30T13:24:39.280+05:30  INFO 24536 --- [wallet-service] [org.springframework.amqp.rabbit.RabbitListenerEndpointContainer#0-6] o.s.a.r.c.CachingConnectionFactory       : Attempting to connect to: [localhost:5672]
2026-04-30T13:24:43.519+05:30  INFO 24536 --- [wallet-service] [DiscoveryClient-CacheRefreshExecutor-0] com.netflix.discovery.DiscoveryClient    : Disable delta property : false
2026-04-30T13:24:43.519+05:30  INFO 24536 --- [wallet-service] [DiscoveryClient-CacheRefreshExecutor-0] com.netflix.discovery.DiscoveryClient    : Single vip registry refresh property : null
2026-04-30T13:24:43.519+05:30  INFO 24536 --- [wallet-service] [DiscoveryClient-CacheRefreshExecutor-0] com.netflix.discovery.DiscoveryClient    : Force full registry fetch : false
2026-04-30T13:24:43.519+05:30  INFO 24536 --- [wallet-service] [DiscoveryClient-CacheRefreshExecutor-0] com.netflix.discovery.DiscoveryClient    : Application is null : false
2026-04-30T13:24:43.519+05:30  INFO 24536 --- [wallet-service] [DiscoveryClient-CacheRefreshExecutor-0] com.netflix.discovery.DiscoveryClient    : Registered Applications size is zero : true
2026-04-30T13:24:43.519+05:30  INFO 24536 --- [wallet-service] [DiscoveryClient-CacheRefreshExecutor-0] com.netflix.discovery.DiscoveryClient    : Application version is -1: false
2026-04-30T13:24:43.519+05:30  INFO 24536 --- [wallet-service] [DiscoveryClient-CacheRefreshExecutor-0] com.netflix.discovery.DiscoveryClient    : Getting all instance registry info from the eureka server
2026-04-30T13:24:43.554+05:30  INFO 24536 --- [wallet-service] [DiscoveryClient-CacheRefreshExecutor-0] com.netflix.discovery.DiscoveryClient    : The response status is 200
2026-04-30T13:24:44.298+05:30  WARN 24536 --- [wallet-service] [org.springframework.amqp.rabbit.RabbitListenerEndpointContainer#0-6] o.s.a.r.l.SimpleMessageListenerContainer : Consumer raised exception, processing can restart if the connection factory supports it. Exception summary: org.springframework.amqp.AmqpConnectException: java.net.ConnectException: Connection refused: no further information
2026-04-30T13:24:44.299+05:30  INFO 24536 --- [wallet-service] [org.springframework.amqp.rabbit.RabbitListenerEndpointContainer#0-6] o.s.a.r.l.SimpleMessageListenerContainer : Restarting Consumer@33a6f482: tags=[[]], channel=null, acknowledgeMode=AUTO local queue size=0
2026-04-30T13:24:44.299+05:30  INFO 24536 --- [wallet-service] [org.springframework.amqp.rabbit.RabbitListenerEndpointContainer#0-7] o.s.a.r.c.CachingConnectionFactory       : Attempting to connect to: [localhost:5672]
2026-04-30T13:24:44.330+05:30 ERROR 24536 --- [wallet-service] [org.springframework.amqp.rabbit.RabbitListenerEndpointContainer#0-7] o.s.a.r.l.SimpleMessageListenerContainer : Failed to check/redeclare auto-delete queue(s).
2026-04-30T13:24:44.330+05:30  INFO 24536 --- [wallet-service] [org.springframework.amqp.rabbit.RabbitListenerEndpointContainer#0-7] o.s.a.r.c.CachingConnectionFactory       : Attempting to connect to: [localhost:5672]
2026-04-30T13:24:49.508+05:30  WARN 24536 --- [wallet-service] [org.springframework.amqp.rabbit.RabbitListenerEndpointContainer#0-7] o.s.a.r.l.SimpleMessageListenerContainer : Consumer raised exception, processing can restart if the connection factory supports it. Exception summary: org.springframework.amqp.AmqpConnectException: java.net.ConnectException: Connection refused: no further information
2026-04-30T13:24:49.509+05:30  INFO 24536 --- [wallet-service] [org.springframework.amqp.rabbit.RabbitListenerEndpointContainer#0-7] o.s.a.r.l.SimpleMessageListenerContainer : Restarting Consumer@8ed8f9c: tags=[[]], channel=null, acknowledgeMode=AUTO local queue size=0
2026-04-30T13:24:49.511+05:30  INFO 24536 --- [wallet-service] [org.springframework.amqp.rabbit.RabbitListenerEndpointContainer#0-8] o.s.a.r.c.CachingConnectionFactory       : Attempting to connect to: [localhost:5672]
2026-04-30T13:24:49.511+05:30 ERROR 24536 --- [wallet-service] [org.springframework.amqp.rabbit.RabbitListenerEndpointContainer#0-8] o.s.a.r.l.SimpleMessageListenerContainer : Failed to check/redeclare auto-delete queue(s).
2026-04-30T13:24:49.511+05:30  INFO 24536 --- [wallet-service] [org.springframework.amqp.rabbit.RabbitListenerEndpointContainer#0-8] o.s.a.r.c.CachingConnectionFactory       : Attempting to connect to: [localhost:5672]
2026-04-30T13:24:54.681+05:30  WARN 24536 --- [wallet-service] [org.springframework.amqp.rabbit.RabbitListenerEndpointContainer#0-8] o.s.a.r.l.SimpleMessageListenerContainer : Consumer raised exception, processing can restart if the connection factory supports it. Exception summary: org.springframework.amqp.AmqpConnectException: java.net.ConnectException: Connection refused: no further information
2026-04-30T13:24:54.681+05:30  INFO 24536 --- [wallet-service] [org.springframework.amqp.rabbit.RabbitListenerEndpointContainer#0-8] o.s.a.r.l.SimpleMessageListenerContainer : Restarting Consumer@45ea7293: tags=[[]], channel=null, acknowledgeMode=AUTO local queue size=0
2026-04-30T13:24:54.681+05:30  INFO 24536 --- [wallet-service] [org.springframework.amqp.rabbit.RabbitListenerEndpointContainer#0-9] o.s.a.r.c.CachingConnectionFactory       : Attempting to connect to: [localhost:5672]
2026-04-30T13:24:54.696+05:30 ERROR 24536 --- [wallet-service] [org.springframework.amqp.rabbit.RabbitListenerEndpointContainer#0-9] o.s.a.r.l.SimpleMessageListenerContainer : Failed to check/redeclare auto-delete queue(s).
2026-04-30T13:24:54.696+05:30  INFO 24536 --- [wallet-service] [org.springframework.amqp.rabbit.RabbitListenerEndpointContainer#0-9] o.s.a.r.c.CachingConnectionFactory       : Attempting to connect to: [localhost:5672]
2026-04-30T13:24:59.856+05:30  WARN 24536 --- [wallet-service] [org.springframework.amqp.rabbit.RabbitListenerEndpointContainer#0-9] o.s.a.r.l.SimpleMessageListenerContainer : Consumer raised exception, processing can restart if the connection factory supports it. Exception summary: org.springframework.amqp.AmqpConnectException: java.net.ConnectException: Connection refused: no further information
2026-04-30T13:24:59.856+05:30  INFO 24536 --- [wallet-service] [org.springframework.amqp.rabbit.RabbitListenerEndpointContainer#0-9] o.s.a.r.l.SimpleMessageListenerContainer : Restarting Consumer@531b4f05: tags=[[]], channel=null, acknowledgeMode=AUTO local queue size=0
2026-04-30T13:24:59.856+05:30  INFO 24536 --- [wallet-service] [org.springframework.amqp.rabbit.RabbitListenerEndpointContainer#0-10] o.s.a.r.c.CachingConnectionFactory       : Attempting to connect to: [localhost:5672]
2026-04-30T13:24:59.999+05:30  INFO 24536 --- [wallet-service] [org.springframework.amqp.rabbit.RabbitListenerEndpointContainer#0-10] o.s.a.r.c.CachingConnectionFactory       : Created new connection: rabbitConnectionFactory#3723de42:19/SimpleConnection@8434c3d [delegate=amqp://guest@127.0.0.1:5672/, localPort=58585]
2026-04-30T13:28:23.048+05:30  INFO 24536 --- [wallet-service] [http-nio-8083-exec-1] o.a.c.c.C.[Tomcat].[localhost].[/]       : Initializing Spring DispatcherServlet 'dispatcherServlet'
2026-04-30T13:28:23.048+05:30  INFO 24536 --- [wallet-service] [http-nio-8083-exec-1] o.s.web.servlet.DispatcherServlet        : Initializing Servlet 'dispatcherServlet'
2026-04-30T13:28:23.051+05:30  INFO 24536 --- [wallet-service] [http-nio-8083-exec-1] o.s.web.servlet.DispatcherServlet        : Completed initialization in 3 ms
2026-04-30T13:28:23.116+05:30  INFO 24536 --- [wallet-service] [http-nio-8083-exec-1] c.s.w.controller.WalletController        : GET /wallet/1 called
2026-04-30T13:28:23.117+05:30  INFO 24536 --- [wallet-service] [http-nio-8083-exec-1] c.s.w.service.WalletService              : Fetching wallet for userId: 1
2026-04-30T13:28:23.328+05:30 ERROR 24536 --- [wallet-service] [http-nio-8083-exec-1] c.s.w.service.WalletService              : Wallet not found for userId: 1
2026-04-30T13:28:23.329+05:30 ERROR 24536 --- [wallet-service] [http-nio-8083-exec-1] c.s.w.controller.WalletController        : Wallet not found for userId: 1
2026-04-30T13:29:13.262+05:30  INFO 24536 --- [wallet-service] [AsyncResolver-bootstrap-executor-0] c.n.d.s.r.aws.ConfigClusterResolver      : Resolving eureka endpoints via configuration
2026-04-30T13:34:13.273+05:30  INFO 24536 --- [wallet-service] [AsyncResolver-bootstrap-executor-0] c.n.d.s.r.aws.ConfigClusterResolver      : Resolving eureka endpoints via configuration
2026-04-30T13:39:13.275+05:30  INFO 24536 --- [wallet-service] [AsyncResolver-bootstrap-executor-0] c.n.d.s.r.aws.ConfigClusterResolver      : Resolving eureka endpoints via configuration
